\BOOKMARK [1][-]{Doc-Start}{Obsah}{}% 1
\BOOKMARK [2][-]{section*.1}{Seznam zkratek}{Doc-Start}% 2
\BOOKMARK [2][-]{section*.1}{Seznam obr\341zku}{Doc-Start}% 3
\BOOKMARK [2][-]{section*.1}{Seznam tabulek}{Doc-Start}% 4
\BOOKMARK [1][-]{section*.1}{\332vod}{}% 5
\BOOKMARK [1][-]{section.1}{Materi\341l a metody}{}% 6
\BOOKMARK [2][-]{subsection.1.1}{SMODERP - historick\375 v\375voj}{section.1}% 7
\BOOKMARK [2][-]{subsection.1.2}{Experiment\341ln\355 meren\355}{section.1}% 8
\BOOKMARK [3][-]{subsubsection.1.2.1}{Meren\355 na sklopn\351m hydraulick\351m \236labu}{subsection.1.2}% 9
\BOOKMARK [3][-]{subsubsection.1.2.2}{Labolatorn\355 de\235tov\375 simul\341tor}{subsection.1.2}% 10
\BOOKMARK [2][-]{subsection.1.3}{Pu\236it\351 vztahy a jejich odvozen\355}{section.1}% 11
\BOOKMARK [3][-]{subsubsection.1.3.1}{Plo\235n\375 povrchov\375 odtok}{subsection.1.3}% 12
\BOOKMARK [3][-]{subsubsection.1.3.2}{Soustreden\375 odtok v r\375h\341ch}{subsection.1.3}% 13
\BOOKMARK [2][-]{subsection.1.4}{SMODERP 2D - postup v\375poctu}{section.1}% 14
\BOOKMARK [3][-]{subsubsection.1.4.1}{Vstupy do modelu}{subsection.1.4}% 15
\BOOKMARK [3][-]{subsubsection.1.4.2}{Tok programu}{subsection.1.4}% 16
\BOOKMARK [3][-]{subsubsection.1.4.3}{V\375stupy z modelu}{subsection.1.4}% 17
\BOOKMARK [1][-]{section.2}{V\375sledky}{}% 18
\BOOKMARK [2][-]{subsection.2.1}{Porovn\341n\355 metod 1D a 2D}{section.2}% 19
\BOOKMARK [1][-]{section.3}{Seznam pou\236it\375ch zdroju}{}% 20
