\BOOKMARK [1][-]{Doc-Start}{Obsah}{}% 1
\BOOKMARK [2][-]{section*.1}{Seznam zkratek}{Doc-Start}% 2
\BOOKMARK [0][-]{section*.1}{\332vod}{}% 3
\BOOKMARK [0][-]{part.1}{I Popis re\235en\355}{}% 4
\BOOKMARK [1][-]{section.1}{Bilancn\355 rovnice}{part.1}% 5
\BOOKMARK [2][-]{subsection.1.1}{Efektivn\355 sr\341\236ka es}{section.1}% 6
\BOOKMARK [2][-]{subsection.1.2}{Intenzita infiltrace inf}{section.1}% 7
\BOOKMARK [1][-]{section.2}{Povrchov\375 odtok oin, oout}{part.1}% 8
\BOOKMARK [2][-]{subsection.2.1}{Plo\235n\375 povrchov\375 odtok}{section.2}% 9
\BOOKMARK [3][-]{subsubsection.2.1.1}{Odvozen\351 veliciny}{subsection.2.1}% 10
\BOOKMARK [3][-]{subsubsection.2.1.2}{Urcen\355 vzniku r\375hy}{subsection.2.1}% 11
\BOOKMARK [2][-]{subsection.2.2}{Soustreden\375 odtok v r\375h\341ch}{section.2}% 12
\BOOKMARK [2][-]{subsection.2.3}{Celkov\341 bilance}{section.2}% 13
\BOOKMARK [2][-]{subsection.2.4}{Pozn\341mka nebo to d\341t do diskuse k cl\341nku}{section.2}% 14
\BOOKMARK [1][-]{section.3}{Odtok hydrografickou s\355t\355}{part.1}% 15
\BOOKMARK [0][-]{part.2}{II Pou\236it\355 modelu}{}% 16
\BOOKMARK [1][-]{section.1}{Vstupy do modelu}{part.2}% 17
\BOOKMARK [2][-]{subsection.1.1}{Digit\341ln\355 model ter\351nu}{section.1}% 18
\BOOKMARK [2][-]{subsection.1.2}{Pudn\355 data}{section.1}% 19
\BOOKMARK [2][-]{subsection.1.3}{Data o vyu\236it\355 \372zem\355}{section.1}% 20
\BOOKMARK [2][-]{subsection.1.4}{Tabulka parametru pudy a vyu\236it\355 \372zem\355}{section.1}% 21
\BOOKMARK [2][-]{subsection.1.5}{Sr\341\236kov\375 soubor}{section.1}% 22
\BOOKMARK [2][-]{subsection.1.6}{Casov\375 krok modelu a celkov\341 doba simulace}{section.1}% 23
\BOOKMARK [2][-]{subsection.1.7}{Shapefile bodu pro generov\341n\355 hydrogramu}{section.1}% 24
\BOOKMARK [2][-]{subsection.1.8}{V\375stupn\355 adres\341r}{section.1}% 25
\BOOKMARK [2][-]{subsection.1.9}{R\375hov\375 odtok}{section.1}% 26
\BOOKMARK [2][-]{subsection.1.10}{V\355cesmern\375 odtok}{section.1}% 27
\BOOKMARK [2][-]{subsection.1.11}{Hydrografick\341 s\355t}{section.1}% 28
\BOOKMARK [1][-]{section.2}{Tok programu}{part.2}% 29
\BOOKMARK [2][-]{subsection.2.1}{Programovac\355 jazyk Python}{section.2}% 30
\BOOKMARK [2][-]{subsection.2.2}{CFL podm\355nka - re\235en\355 nestability v\375poctu}{section.2}% 31
\BOOKMARK [1][-]{section.3}{V\375stupy z modelu}{part.2}% 32
\BOOKMARK [2][-]{subsection.3.1}{Rastrov\351 v\375stupy}{section.3}% 33
\BOOKMARK [2][-]{subsection.3.2}{Hydrogramy}{section.3}% 34
\BOOKMARK [2][-]{subsection.3.3}{Tabulka hodnot \372seku}{section.3}% 35
\BOOKMARK [2][-]{subsection.3.4}{State - typ prutoku na bunce}{section.3}% 36
\BOOKMARK [0][-]{part.3}{III Uk\341zka v\375sledku}{}% 37
\BOOKMARK [1][-]{section*.18}{Pr\355loha}{part.3}% 38
\BOOKMARK [2][-]{subsection.Alph0.1}{asdf}{part.3}% 39
\BOOKMARK [0][-]{figure.caption.21}{Seznam pou\236it\375ch zdroju}{}% 40
